<?xml version="1.0" encoding="utf-8"?>
<coverage line-rate="0.713" branch-rate="0.74" version="1.9" timestamp="1538206854" lines-covered="816" lines-valid="1144" branches-covered="216" branches-valid="292">
  <sources>
    <source>D:\a\1\s\src\GenFu\</source>
  </sources>
  <packages>
    <package name="GenFu" line-rate="0.713" branch-rate="0.74" complexity="0">
      <classes>
        <class name="Angela.vNext.Reflection.ReflectionExtensions" filename="Reflection\ReflectionExtensions.cs" line-rate="1" branch-rate="1" complexity="0">
          <methods>
            <method name="GetAllProperties" signature="(System.Reflection.TypeInfo)" line-rate="1" branch-rate="1">
              <lines>
                <line number="11" hits="13819" branch="False" />
                <line number="13" hits="13819" branch="False" />
                <line number="14" hits="13819" branch="True" condition-coverage="100% (2/2)">
                  <conditions>
                    <condition number="20" type="jump" coverage="100%" />
                  </conditions>
                </line>
                <line number="16" hits="6913" branch="False" />
                <line number="19" hits="13819" branch="False" />
              </lines>
            </method>
          </methods>
          <lines>
            <line number="11" hits="13819" branch="False" />
            <line number="13" hits="13819" branch="False" />
            <line number="14" hits="13819" branch="True" condition-coverage="100% (2/2)">
              <conditions>
                <condition number="20" type="jump" coverage="100%" />
              </conditions>
            </line>
            <line number="16" hits="6913" branch="False" />
            <line number="19" hits="13819" branch="False" />
          </lines>
        </class>
        <class name="GenFu.DefaultValueChecker" filename="DefaultValueChecker.cs" line-rate="0.842" branch-rate="0.843" complexity="0">
          <methods>
            <method name="HasValue" signature="(System.Object,System.Reflection.PropertyInfo)" line-rate="0.842" branch-rate="0.843">
              <lines>
                <line number="12" hits="58687" branch="False" />
                <line number="13" hits="58687" branch="True" condition-coverage="100% (4/4)">
                  <conditions>
                    <condition number="25" type="jump" coverage="100%" />
                    <condition number="48" type="jump" coverage="100%" />
                  </conditions>
                </line>
                <line number="15" hits="3658" branch="False" />
                <line number="18" hits="55029" branch="True" condition-coverage="100% (2/2)">
                  <conditions>
                    <condition number="56" type="jump" coverage="100%" />
                  </conditions>
                </line>
                <line number="19" hits="21985" branch="False" />
                <line number="20" hits="33044" branch="True" condition-coverage="100% (4/4)">
                  <conditions>
                    <condition number="76" type="jump" coverage="100%" />
                    <condition number="84" type="jump" coverage="100%" />
                  </conditions>
                </line>
                <line number="21" hits="11220" branch="False" />
                <line number="22" hits="21824" branch="True" condition-coverage="100% (4/4)">
                  <conditions>
                    <condition number="104" type="jump" coverage="100%" />
                    <condition number="112" type="jump" coverage="100%" />
                  </conditions>
                </line>
                <line number="23" hits="2785" branch="False" />
                <line number="24" hits="19039" branch="True" condition-coverage="50% (2/4)">
                  <conditions>
                    <condition number="132" type="jump" coverage="50%" />
                    <condition number="149" type="jump" coverage="50%" />
                  </conditions>
                </line>
                <line number="25" hits="0" branch="False" />
                <line number="26" hits="19039" branch="True" condition-coverage="100% (4/4)">
                  <conditions>
                    <condition number="169" type="jump" coverage="100%" />
                    <condition number="187" type="jump" coverage="100%" />
                  </conditions>
                </line>
                <line number="27" hits="1786" branch="False" />
                <line number="28" hits="17253" branch="True" condition-coverage="50% (2/4)">
                  <conditions>
                    <condition number="207" type="jump" coverage="50%" />
                    <condition number="220" type="jump" coverage="50%" />
                  </conditions>
                </line>
                <line number="29" hits="0" branch="False" />
                <line number="30" hits="17253" branch="True" condition-coverage="100% (4/4)">
                  <conditions>
                    <condition number="240" type="jump" coverage="100%" />
                    <condition number="262" type="jump" coverage="100%" />
                  </conditions>
                </line>
                <line number="31" hits="1" branch="False" />
                <line number="32" hits="17252" branch="True" condition-coverage="100% (4/4)">
                  <conditions>
                    <condition number="282" type="jump" coverage="100%" />
                    <condition number="290" type="jump" coverage="100%" />
                  </conditions>
                </line>
                <line number="33" hits="1785" branch="False" />
                <line number="34" hits="15467" branch="True" condition-coverage="100% (4/4)">
                  <conditions>
                    <condition number="310" type="jump" coverage="100%" />
                    <condition number="318" type="jump" coverage="100%" />
                  </conditions>
                </line>
                <line number="35" hits="1785" branch="False" />
                <line number="36" hits="13682" branch="True" condition-coverage="50% (2/4)">
                  <conditions>
                    <condition number="338" type="jump" coverage="50%" />
                    <condition number="346" type="jump" coverage="50%" />
                  </conditions>
                </line>
                <line number="37" hits="0" branch="False" />
                <line number="38" hits="13682" branch="True" condition-coverage="50% (2/4)">
                  <conditions>
                    <condition number="366" type="jump" coverage="50%" />
                    <condition number="374" type="jump" coverage="50%" />
                  </conditions>
                </line>
                <line number="39" hits="0" branch="False" />
                <line number="40" hits="13682" branch="True" condition-coverage="50% (2/4)">
                  <conditions>
                    <condition number="394" type="jump" coverage="50%" />
                    <condition number="402" type="jump" coverage="50%" />
                  </conditions>
                </line>
                <line number="41" hits="0" branch="False" />
                <line number="42" hits="13682" branch="True" condition-coverage="75% (3/4)">
                  <conditions>
                    <condition number="422" type="jump" coverage="100%" />
                    <condition number="430" type="jump" coverage="50%" />
                  </conditions>
                </line>
                <line number="43" hits="0" branch="False" />
                <line number="44" hits="13682" branch="True" condition-coverage="100% (4/4)">
                  <conditions>
                    <condition number="450" type="jump" coverage="100%" />
                    <condition number="475" type="jump" coverage="100%" />
                  </conditions>
                </line>
                <line number="45" hits="5842" branch="False" />
                <line number="46" hits="7840" branch="True" condition-coverage="100% (4/4)">
                  <conditions>
                    <condition number="495" type="jump" coverage="100%" />
                    <condition number="522" type="jump" coverage="100%" />
                  </conditions>
                </line>
                <line number="47" hits="1784" branch="False" />
                <line number="48" hits="6056" branch="True" condition-coverage="100% (4/4)">
                  <conditions>
                    <condition number="552" type="jump" coverage="100%" />
                    <condition number="560" type="jump" coverage="100%" />
                  </conditions>
                </line>
                <line number="49" hits="3022" branch="False" />
                <line number="50" hits="3034" branch="True" condition-coverage="100% (4/4)">
                  <conditions>
                    <condition number="595" type="jump" coverage="100%" />
                    <condition number="613" type="jump" coverage="100%" />
                  </conditions>
                </line>
                <line number="51" hits="3022" branch="False" />
                <line number="52" hits="12" branch="False" />
              </lines>
            </method>
          </methods>
          <lines>
            <line number="12" hits="58687" branch="False" />
            <line number="13" hits="58687" branch="True" condition-coverage="100% (4/4)">
              <conditions>
                <condition number="25" type="jump" coverage="100%" />
                <condition number="48" type="jump" coverage="100%" />
              </conditions>
            </line>
            <line number="15" hits="3658" branch="False" />
            <line number="18" hits="55029" branch="True" condition-coverage="100% (2/2)">
              <conditions>
                <condition number="56" type="jump" coverage="100%" />
              </conditions>
            </line>
            <line number="19" hits="21985" branch="False" />
            <line number="20" hits="33044" branch="True" condition-coverage="100% (4/4)">
              <conditions>
                <condition number="76" type="jump" coverage="100%" />
                <condition number="84" type="jump" coverage="100%" />
              </conditions>
            </line>
            <line number="21" hits="11220" branch="False" />
            <line number="22" hits="21824" branch="True" condition-coverage="100% (4/4)">
              <conditions>
                <condition number="104" type="jump" coverage="100%" />
                <condition number="112" type="jump" coverage="100%" />
              </conditions>
            </line>
            <line number="23" hits="2785" branch="False" />
            <line number="24" hits="19039" branch="True" condition-coverage="50% (2/4)">
              <conditions>
                <condition number="132" type="jump" coverage="50%" />
                <condition number="149" type="jump" coverage="50%" />
              </conditions>
            </line>
            <line number="25" hits="0" branch="False" />
            <line number="26" hits="19039" branch="True" condition-coverage="100% (4/4)">
              <conditions>
                <condition number="169" type="jump" coverage="100%" />
                <condition number="187" type="jump" coverage="100%" />
              </conditions>
            </line>
            <line number="27" hits="1786" branch="False" />
            <line number="28" hits="17253" branch="True" condition-coverage="50% (2/4)">
              <conditions>
                <condition number="207" type="jump" coverage="50%" />
                <condition number="220" type="jump" coverage="50%" />
              </conditions>
            </line>
            <line number="29" hits="0" branch="False" />
            <line number="30" hits="17253" branch="True" condition-coverage="100% (4/4)">
              <conditions>
                <condition number="240" type="jump" coverage="100%" />
                <condition number="262" type="jump" coverage="100%" />
              </conditions>
            </line>
            <line number="31" hits="1" branch="False" />
            <line number="32" hits="17252" branch="True" condition-coverage="100% (4/4)">
              <conditions>
                <condition number="282" type="jump" coverage="100%" />
                <condition number="290" type="jump" coverage="100%" />
              </conditions>
            </line>
            <line number="33" hits="1785" branch="False" />
            <line number="34" hits="15467" branch="True" condition-coverage="100% (4/4)">
              <conditions>
                <condition number="310" type="jump" coverage="100%" />
                <condition number="318" type="jump" coverage="100%" />
              </conditions>
            </line>
            <line number="35" hits="1785" branch="False" />
            <line number="36" hits="13682" branch="True" condition-coverage="50% (2/4)">
              <conditions>
                <condition number="338" type="jump" coverage="50%" />
                <condition number="346" type="jump" coverage="50%" />
              </conditions>
            </line>
            <line number="37" hits="0" branch="False" />
            <line number="38" hits="13682" branch="True" condition-coverage="50% (2/4)">
              <conditions>
                <condition number="366" type="jump" coverage="50%" />
                <condition number="374" type="jump" coverage="50%" />
              </conditions>
            </line>
            <line number="39" hits="0" branch="False" />
            <line number="40" hits="13682" branch="True" condition-coverage="50% (2/4)">
              <conditions>
                <condition number="394" type="jump" coverage="50%" />
                <condition number="402" type="jump" coverage="50%" />
              </conditions>
            </line>
            <line number="41" hits="0" branch="False" />
            <line number="42" hits="13682" branch="True" condition-coverage="75% (3/4)">
              <conditions>
                <condition number="422" type="jump" coverage="100%" />
                <condition number="430" type="jump" coverage="50%" />
              </conditions>
            </line>
            <line number="43" hits="0" branch="False" />
            <line number="44" hits="13682" branch="True" condition-coverage="100% (4/4)">
              <conditions>
                <condition number="450" type="jump" coverage="100%" />
                <condition number="475" type="jump" coverage="100%" />
              </conditions>
            </line>
            <line number="45" hits="5842" branch="False" />
            <line number="46" hits="7840" branch="True" condition-coverage="100% (4/4)">
              <conditions>
                <condition number="495" type="jump" coverage="100%" />
                <condition number="522" type="jump" coverage="100%" />
              </conditions>
            </line>
            <line number="47" hits="1784" branch="False" />
            <line number="48" hits="6056" branch="True" condition-coverage="100% (4/4)">
              <conditions>
                <condition number="552" type="jump" coverage="100%" />
                <condition number="560" type="jump" coverage="100%" />
              </conditions>
            </line>
            <line number="49" hits="3022" branch="False" />
            <line number="50" hits="3034" branch="True" condition-coverage="100% (4/4)">
              <conditions>
                <condition number="595" type="jump" coverage="100%" />
                <condition number="613" type="jump" coverage="100%" />
              </conditions>
            </line>
            <line number="51" hits="3022" branch="False" />
            <line number="52" hits="12" branch="False" />
          </lines>
        </class>
        <class name="GenFu.FillerManager" filename="FillerManager.cs" line-rate="1" branch-rate="1" complexity="0">
          <methods>
            <method name="ResetFillers" signature="()" line-rate="1" branch-rate="1">
              <lines>
                <line number="23" hits="49" branch="True" condition-coverage="100% (2/2)">
                  <conditions>
                    <condition number="6" type="jump" coverage="100%" />
                  </conditions>
                </line>
                <line number="25" hits="8" branch="False" />
                <line number="27" hits="8" branch="False" />
                <line number="28" hits="8" branch="False" />
                <line number="29" hits="8" branch="False" />
                <line number="30" hits="8" branch="False" />
                <line number="31" hits="8" branch="False" />
                <line number="32" hits="8" branch="False" />
                <line number="33" hits="8" branch="False" />
                <line number="34" hits="8" branch="False" />
                <line number="35" hits="8" branch="False" />
                <line number="36" hits="8" branch="False" />
                <line number="37" hits="8" branch="False" />
                <line number="38" hits="8" branch="False" />
                <line number="39" hits="8" branch="False" />
                <line number="40" hits="8" branch="False" />
                <line number="41" hits="8" branch="False" />
                <line number="43" hits="8" branch="False" />
                <line number="44" hits="8" branch="False" />
                <line number="46" hits="8" branch="False" />
                <line number="48" hits="8" branch="False" />
                <line number="51" hits="8" branch="False" />
                <line number="52" hits="8" branch="False" />
                <line number="53" hits="8" branch="False" />
                <line number="54" hits="8" branch="False" />
                <line number="57" hits="8" branch="False" />
                <line number="58" hits="8" branch="False" />
                <line number="59" hits="8" branch="False" />
                <line number="61" hits="8" branch="False" />
                <line number="62" hits="8" branch="False" />
                <line number="63" hits="8" branch="False" />
                <line number="64" hits="8" branch="False" />
                <line number="66" hits="8" branch="False" />
                <line number="68" hits="8" branch="False" />
                <line number="69" hits="8" branch="False" />
                <line number="70" hits="8" branch="False" />
                <line number="71" hits="8" branch="False" />
                <line number="72" hits="8" branch="False" />
                <line number="73" hits="8" branch="False" />
                <line number="74" hits="8" branch="False" />
                <line number="75" hits="8" branch="False" />
                <line number="77" hits="8" branch="False" />
                <line number="78" hits="8" branch="False" />
                <line number="79" hits="8" branch="False" />
                <line number="80" hits="8" branch="False" />
                <line number="82" hits="8" branch="False" />
                <line number="83" hits="8" branch="False" />
                <line number="85" hits="8" branch="False" />
                <line number="86" hits="8" branch="False" />
                <line number="88" hits="8" branch="False" />
                <line number="92" hits="49" branch="False" />
                <line number="94" hits="5047" branch="True" condition-coverage="100% (4/4)">
                  <conditions>
                    <condition number="799" type="jump" coverage="100%" />
                    <condition number="857" type="jump" coverage="100%" />
                  </conditions>
                </line>
                <line number="96" hits="1323" branch="False" />
                <line number="99" hits="49" branch="False" />
                <line number="100" hits="4361" branch="True" condition-coverage="100% (4/4)">
                  <conditions>
                    <condition number="894" type="jump" coverage="100%" />
                    <condition number="963" type="jump" coverage="100%" />
                  </conditions>
                </line>
                <line number="102" hits="980" branch="False" />
                <line number="105" hits="49" branch="False" />
                <line number="109" hits="1031" branch="False" />
                <line number="110" hits="1031" branch="True" condition-coverage="100% (2/2)">
                  <conditions>
                    <condition number="33" type="jump" coverage="100%" />
                  </conditions>
                </line>
                <line number="112" hits="1008" branch="False" />
                <line number="114" hits="1031" branch="False" />
              </lines>
            </method>
            <method name="RegisterFiller" signature="(GenFu.IPropertyFiller)" line-rate="1" branch-rate="1">
              <lines>
                <line number="118" hits="12969" branch="True" condition-coverage="100% (4/4)">
                  <conditions>
                    <condition number="12" type="jump" coverage="100%" />
                    <condition number="147" type="jump" coverage="100%" />
                  </conditions>
                </line>
                <line number="120" hits="2751" branch="True" condition-coverage="100% (2/2)">
                  <conditions>
                    <condition number="69" type="jump" coverage="100%" />
                  </conditions>
                </line>
                <line number="122" hits="1619" branch="False" />
                <line number="124" hits="2751" branch="False" />
                <line number="125" hits="17276" branch="True" condition-coverage="100% (2/2)">
                  <conditions>
                    <condition number="139" type="jump" coverage="100%" />
                  </conditions>
                </line>
                <line number="127" hits="5887" branch="False" />
                <line number="131" hits="2358" branch="False" />
              </lines>
            </method>
            <method name="GetFiller" signature="(System.Reflection.PropertyInfo)" line-rate="1" branch-rate="1">
              <lines>
                <line number="135" hits="58640" branch="False" />
                <line number="136" hits="58640" branch="False" />
                <line number="137" hits="168829" branch="True" condition-coverage="100% (4/4)">
                  <conditions>
                    <condition number="129" type="jump" coverage="100%" />
                    <condition number="126" type="jump" coverage="100%" />
                  </conditions>
                </line>
                <line number="140" hits="110189" branch="False" />
                <line number="142" hits="110189" branch="True" condition-coverage="100% (2/2)">
                  <conditions>
                    <condition number="35" type="jump" coverage="100%" />
                  </conditions>
                </line>
                <line number="144" hits="54478" branch="False" />
                <line number="145" hits="54478" branch="False" />
                <line number="149" hits="110189" branch="True" condition-coverage="100% (2/2)">
                  <conditions>
                    <condition number="59" type="jump" coverage="100%" />
                  </conditions>
                </line>
                <line number="151" hits="104881" branch="False" />
                <line number="152" hits="104881" branch="True" condition-coverage="100% (2/2)">
                  <conditions>
                    <condition number="87" type="jump" coverage="100%" />
                  </conditions>
                </line>
                <line number="154" hits="82433" branch="False" />
                <line number="155" hits="82433" branch="False" />
                <line number="159" hits="110189" branch="False" />
                <line number="162" hits="58640" branch="True" condition-coverage="100% (2/2)">
                  <conditions>
                    <condition number="132" type="jump" coverage="100%" />
                  </conditions>
                </line>
                <line number="165" hits="36489" branch="True" condition-coverage="100% (2/2)">
                  <conditions>
                    <condition number="154" type="jump" coverage="100%" />
                  </conditions>
                </line>
                <line number="167" hits="33422" branch="False" />
                <line number="168" hits="33422" branch="False" />
                <line number="169" hits="3067" branch="True" condition-coverage="100% (2/2)">
                  <conditions>
                    <condition number="202" type="jump" coverage="100%" />
                  </conditions>
                </line>
                <line number="171" hits="3021" branch="False" />
                <line number="172" hits="3021" branch="False" />
                <line number="176" hits="7867" branch="True" condition-coverage="100% (2/2)">
                  <conditions>
                    <condition number="240" type="jump" coverage="100%" />
                  </conditions>
                </line>
                <line number="178" hits="46" branch="False" />
                <line number="182" hits="58640" branch="False" />
              </lines>
            </method>
            <method name="GetMethodFiller" signature="(System.Reflection.MethodInfo)" line-rate="1" branch-rate="1">
              <lines>
                <line number="186" hits="1788" branch="False" />
                <line number="187" hits="1788" branch="False" />
                <line number="188" hits="4865" branch="True" condition-coverage="100% (4/4)">
                  <conditions>
                    <condition number="129" type="jump" coverage="100%" />
                    <condition number="126" type="jump" coverage="100%" />
                  </conditions>
                </line>
                <line number="191" hits="3077" branch="False" />
                <line number="192" hits="3077" branch="True" condition-coverage="100% (2/2)">
                  <conditions>
                    <condition number="35" type="jump" coverage="100%" />
                  </conditions>
                </line>
                <line number="194" hits="1621" branch="False" />
                <line number="195" hits="1621" branch="False" />
                <line number="200" hits="3077" branch="True" condition-coverage="100% (2/2)">
                  <conditions>
                    <condition number="59" type="jump" coverage="100%" />
                  </conditions>
                </line>
                <line number="202" hits="2574" branch="False" />
                <line number="203" hits="2574" branch="True" condition-coverage="100% (2/2)">
                  <conditions>
                    <condition number="87" type="jump" coverage="100%" />
                  </conditions>
                </line>
                <line number="205" hits="2566" branch="False" />
                <line number="206" hits="2566" branch="False" />
                <line number="210" hits="3077" branch="False" />
                <line number="232" hits="1788" branch="False" />
              </lines>
            </method>
            <method name="GetMatchingPropertyFiller" signature="(System.Reflection.PropertyInfo,System.Collections.Generic.IDictionary`2&lt;System.String,GenFu.IPropertyFiller&gt;)" line-rate="1" branch-rate="1">
              <lines>
                <line number="237" hits="136911" branch="False" />
                <line number="238" hits="5179335" branch="True" condition-coverage="100% (2/2)">
                  <conditions>
                    <condition number="111" type="jump" coverage="100%" />
                  </conditions>
                </line>
                <line number="240" hits="2463832" branch="True" condition-coverage="100% (6/6)">
                  <conditions>
                    <condition number="53" type="jump" coverage="100%" />
                    <condition number="68" type="jump" coverage="100%" />
                    <condition number="99" type="jump" coverage="100%" />
                  </conditions>
                </line>
                <line number="241" hits="3462462" branch="False" />
                <line number="243" hits="22151" branch="False" />
                <line number="244" hits="22151" branch="False" />
                <line number="247" hits="136911" branch="False" />
              </lines>
            </method>
            <method name="GetMatchingMethodFiller" signature="(System.Reflection.MethodInfo,System.Collections.Generic.IDictionary`2&lt;System.String,GenFu.IPropertyFiller&gt;)" line-rate="1" branch-rate="1">
              <lines>
                <line number="254" hits="4187" branch="False" />
                <line number="255" hits="4187" branch="True" condition-coverage="100% (2/2)">
                  <conditions>
                    <condition number="41" type="jump" coverage="100%" />
                  </conditions>
                </line>
                <line number="257" hits="4183" branch="False" />
                <line number="260" hits="4187" branch="False" />
                <line number="261" hits="165517" branch="True" condition-coverage="100% (2/2)">
                  <conditions>
                    <condition number="248" type="jump" coverage="100%" />
                  </conditions>
                </line>
                <line number="263" hits="78823" branch="True" condition-coverage="100% (12/12)">
                  <conditions>
                    <condition number="136" type="jump" coverage="100%" />
                    <condition number="151" type="jump" coverage="100%" />
                    <condition number="182" type="jump" coverage="100%" />
                    <condition number="190" type="jump" coverage="100%" />
                    <condition number="205" type="jump" coverage="100%" />
                    <condition number="236" type="jump" coverage="100%" />
                  </conditions>
                </line>
                <line number="264" hits="312650" branch="False" />
                <line number="265" hits="311966" branch="False" />
                <line number="267" hits="503" branch="False" />
                <line number="268" hits="503" branch="False" />
                <line number="271" hits="4187" branch="False" />
              </lines>
            </method>
            <method name="GetGenericFiller" signature="()" line-rate="1" branch-rate="0">
              <lines>
                <line number="276" hits="6593" branch="False" />
                <line number="277" hits="6593" branch="False" />
              </lines>
            </method>
            <method name="GetGenericFillerForType" signature="(System.Type)" line-rate="1" branch-rate="0">
              <lines>
                <line number="281" hits="1" branch="False" />
              </lines>
            </method>
            <method name=".ctor" signature="()" line-rate="1" branch-rate="0">
              <lines>
                <line number="16" hits="8" branch="False" />
                <line number="18" hits="8" branch="False" />
                <line number="19" hits="8" branch="False" />
              </lines>
            </method>
          </methods>
          <lines>
            <line number="23" hits="49" branch="True" condition-coverage="100% (2/2)">
              <conditions>
                <condition number="6" type="jump" coverage="100%" />
              </conditions>
            </line>
            <line number="25" hits="8" branch="False" />
            <line number="27" hits="8" branch="False" />
            <line number="28" hits="8" branch="False" />
            <line number="29" hits="8" branch="False" />
            <line number="30" hits="8" branch="False" />
            <line number="31" hits="8" branch="False" />
            <line number="32" hits="8" branch="False" />
            <line number="33" hits="8" branch="False" />
            <line number="34" hits="8" branch="False" />
            <line number="35" hits="8" branch="False" />
            <line number="36" hits="8" branch="False" />
            <line number="37" hits="8" branch="False" />
            <line number="38" hits="8" branch="False" />
            <line number="39" hits="8" branch="False" />
            <line number="40" hits="8" branch="False" />
            <line number="41" hits="8" branch="False" />
            <line number="43" hits="8" branch="False" />
            <line number="44" hits="8" branch="False" />
            <line number="46" hits="8" branch="False" />
            <line number="48" hits="8" branch="False" />
            <line number="51" hits="8" branch="False" />
            <line number="52" hits="8" branch="False" />
            <line number="53" hits="8" branch="False" />
            <line number="54" hits="8" branch="False" />
            <line number="57" hits="8" branch="False" />
            <line number="58" hits="8" branch="False" />
            <line number="59" hits="8" branch="False" />
            <line number="61" hits="8" branch="False" />
            <line number="62" hits="8" branch="False" />
            <line number="63" hits="8" branch="False" />
            <line number="64" hits="8" branch="False" />
            <line number="66" hits="8" branch="False" />
            <line number="68" hits="8" branch="False" />
            <line number="69" hits="8" branch="False" />
            <line number="70" hits="8" branch="False" />
            <line number="71" hits="8" branch="False" />
            <line number="72" hits="8" branch="False" />
            <line number="73" hits="8" branch="False" />
            <line number="74" hits="8" branch="False" />
            <line number="75" hits="8" branch="False" />
            <line number="77" hits="8" branch="False" />
            <line number="78" hits="8" branch="False" />
            <line number="79" hits="8" branch="False" />
            <line number="80" hits="8" branch="False" />
            <line number="82" hits="8" branch="False" />
            <line number="83" hits="8" branch="False" />
            <line number="85" hits="8" branch="False" />
            <line number="86" hits="8" branch="False" />
            <line number="88" hits="8" branch="False" />
            <line number="92" hits="49" branch="False" />
            <line number="94" hits="5047" branch="True" condition-coverage="100% (4/4)">
              <conditions>
                <condition number="799" type="jump" coverage="100%" />
                <condition number="857" type="jump" coverage="100%" />
              </conditions>
            </line>
            <line number="96" hits="1323" branch="False" />
            <line number="99" hits="49" branch="False" />
            <line number="100" hits="4361" branch="True" condition-coverage="100% (4/4)">
              <conditions>
                <condition number="894" type="jump" coverage="100%" />
                <condition number="963" type="jump" coverage="100%" />
              </conditions>
            </line>
            <line number="102" hits="980" branch="False" />
            <line number="105" hits="49" branch="False" />
            <line number="109" hits="1031" branch="False" />
            <line number="110" hits="1031" branch="True" condition-coverage="100% (2/2)">
              <conditions>
                <condition number="33" type="jump" coverage="100%" />
              </conditions>
            </line>
            <line number="112" hits="1008" branch="False" />
            <line number="114" hits="1031" branch="False" />
            <line number="118" hits="12969" branch="True" condition-coverage="100% (4/4)">
              <conditions>
                <condition number="12" type="jump" coverage="100%" />
                <condition number="147" type="jump" coverage="100%" />
              </conditions>
            </line>
            <line number="120" hits="2751" branch="True" condition-coverage="100% (2/2)">
              <conditions>
                <condition number="69" type="jump" coverage="100%" />
              </conditions>
            </line>
            <line number="122" hits="1619" branch="False" />
            <line number="124" hits="2751" branch="False" />
            <line number="125" hits="17276" branch="True" condition-coverage="100% (2/2)">
              <conditions>
                <condition number="139" type="jump" coverage="100%" />
              </conditions>
            </line>
            <line number="127" hits="5887" branch="False" />
            <line number="131" hits="2358" branch="False" />
            <line number="135" hits="58640" branch="False" />
            <line number="136" hits="58640" branch="False" />
            <line number="137" hits="168829" branch="True" condition-coverage="100% (4/4)">
              <conditions>
                <condition number="129" type="jump" coverage="100%" />
                <condition number="126" type="jump" coverage="100%" />
              </conditions>
            </line>
            <line number="140" hits="110189" branch="False" />
            <line number="142" hits="110189" branch="True" condition-coverage="100% (2/2)">
              <conditions>
                <condition number="35" type="jump" coverage="100%" />
              </conditions>
            </line>
            <line number="144" hits="54478" branch="False" />
            <line number="145" hits="54478" branch="False" />
            <line number="149" hits="110189" branch="True" condition-coverage="100% (2/2)">
              <conditions>
                <condition number="59" type="jump" coverage="100%" />
              </conditions>
            </line>
            <line number="151" hits="104881" branch="False" />
            <line number="152" hits="104881" branch="True" condition-coverage="100% (2/2)">
              <conditions>
                <condition number="87" type="jump" coverage="100%" />
              </conditions>
            </line>
            <line number="154" hits="82433" branch="False" />
            <line number="155" hits="82433" branch="False" />
            <line number="159" hits="110189" branch="False" />
            <line number="162" hits="58640" branch="True" condition-coverage="100% (2/2)">
              <conditions>
                <condition number="132" type="jump" coverage="100%" />
              </conditions>
            </line>
            <line number="165" hits="36489" branch="True" condition-coverage="100% (2/2)">
              <conditions>
                <condition number="154" type="jump" coverage="100%" />
              </conditions>
            </line>
            <line number="167" hits="33422" branch="False" />
            <line number="168" hits="33422" branch="False" />
            <line number="169" hits="3067" branch="True" condition-coverage="100% (2/2)">
              <conditions>
                <condition number="202" type="jump" coverage="100%" />
              </conditions>
            </line>
            <line number="171" hits="3021" branch="False" />
            <line number="172" hits="3021" branch="False" />
            <line number="176" hits="7867" branch="True" condition-coverage="100% (2/2)">
              <conditions>
                <condition number="240" type="jump" coverage="100%" />
              </conditions>
            </line>
            <line number="178" hits="46" branch="False" />
            <line number="182" hits="58640" branch="False" />
            <line number="186" hits="1788" branch="False" />
            <line number="187" hits="1788" branch="False" />
            <line number="188" hits="4865" branch="True" condition-coverage="100% (4/4)">
              <conditions>
                <condition number="129" type="jump" coverage="100%" />
                <condition number="126" type="jump" coverage="100%" />
              </conditions>
            </line>
            <line number="191" hits="3077" branch="False" />
            <line number="192" hits="3077" branch="True" condition-coverage="100% (2/2)">
              <conditions>
                <condition number="35" type="jump" coverage="100%" />
              </conditions>
            </line>
            <line number="194" hits="1621" branch="False" />
            <line number="195" hits="1621" branch="False" />
            <line number="200" hits="3077" branch="True" condition-coverage="100% (2/2)">
              <conditions>
                <condition number="59" type="jump" coverage="100%" />
              </conditions>
            </line>
            <line number="202" hits="2574" branch="False" />
            <line number="203" hits="2574" branch="True" condition-coverage="100% (2/2)">
              <conditions>
                <condition number="87" type="jump" coverage="100%" />
              </conditions>
            </line>
            <line number="205" hits="2566" branch="False" />
            <line number="206" hits="2566" branch="False" />
            <line number="210" hits="3077" branch="False" />
            <line number="232" hits="1788" branch="False" />
            <line number="237" hits="136911" branch="False" />
            <line number="238" hits="5179335" branch="True" condition-coverage="100% (2/2)">
              <conditions>
                <condition number="111" type="jump" coverage="100%" />
              </conditions>
            </line>
            <line number="240" hits="2463832" branch="True" condition-coverage="100% (6/6)">
              <conditions>
                <condition number="53" type="jump" coverage="100%" />
                <condition number="68" type="jump" coverage="100%" />
                <condition number="99" type="jump" coverage="100%" />
              </conditions>
            </line>
            <line number="241" hits="3462462" branch="False" />
            <line number="243" hits="22151" branch="False" />
            <line number="244" hits="22151" branch="False" />
            <line number="247" hits="136911" branch="False" />
            <line number="254" hits="4187" branch="False" />
            <line number="255" hits="4187" branch="True" condition-coverage="100% (2/2)">
              <conditions>
                <condition number="41" type="jump" coverage="100%" />
              </conditions>
            </line>
            <line number="257" hits="4183" branch="False" />
            <line number="260" hits="4187" branch="False" />
            <line number="261" hits="165517" branch="True" condition-coverage="100% (2/2)">
              <conditions>
                <condition number="248" type="jump" coverage="100%" />
              </conditions>
            </line>
            <line number="263" hits="78823" branch="True" condition-coverage="100% (12/12)">
              <conditions>
                <condition number="136" type="jump" coverage="100%" />
                <condition number="151" type="jump" coverage="100%" />
                <condition number="182" type="jump" coverage="100%" />
                <condition number="190" type="jump" coverage="100%" />
                <condition number="205" type="jump" coverage="100%" />
                <condition number="236" type="jump" coverage="100%" />
              </conditions>
            </line>
            <line number="264" hits="312650" branch="False" />
            <line number="265" hits="311966" branch="False" />
            <line number="267" hits="503" branch="False" />
            <line number="268" hits="503" branch="False" />
            <line number="271" hits="4187" branch="False" />
            <line number="276" hits="6593" branch="False" />
            <line number="277" hits="6593" branch="False" />
            <line number="281" hits="1" branch="False" />
            <line number="16" hits="8" branch="False" />
            <line number="18" hits="8" branch="False" />
            <line number="19" hits="8" branch="False" />
          </lines>
        </class>
        <class name="GenFu.CustomFiller`1" filename="Fillers\CustomFillers.cs" line-rate="1" branch-rate="1" complexity="0">
          <methods>
            <method name="AddAllBaseTypes" signature="(System.String,System.Type)" line-rate="1" branch-rate="1">
              <lines>
                <line number="28" hits="33" branch="False" />
                <line number="30" hits="33" branch="False" />
                <line number="31" hits="126" branch="True" condition-coverage="100% (4/4)">
                  <conditions>
                    <condition number="105" type="jump" coverage="100%" />
                    <condition number="92" type="jump" coverage="100%" />
                  </conditions>
                </line>
                <line number="33" hits="1" branch="False" />
                <line number="34" hits="1" branch="False" />
                <line number="36" hits="33" branch="False" />
                <line number="37" hits="33" branch="False" />
              </lines>
            </method>
            <method name="GetValue" signature="(System.Object)" line-rate="1" branch-rate="0">
              <lines>
                <line number="40" hits="11516" branch="False" />
              </lines>
            </method>
            <method name=".ctor" signature="(System.String,System.Type,System.Func`1&lt;T&gt;)" line-rate="1" branch-rate="0">
              <lines>
                <line number="13" hits="33" branch="False" />
                <line number="15" hits="33" branch="False" />
              </lines>
            </method>
            <method name=".ctor" signature="(System.String,System.Type,System.Boolean,System.Func`1&lt;T&gt;)" line-rate="1" branch-rate="1">
              <lines>
                <line number="18" hits="79" branch="False" />
                <line number="20" hits="79" branch="True" condition-coverage="100% (2/2)">
                  <conditions>
                    <condition number="43" type="jump" coverage="100%" />
                  </conditions>
                </line>
                <line number="21" hits="33" branch="False" />
                <line number="22" hits="79" branch="False" />
                <line number="23" hits="79" branch="False" />
              </lines>
            </method>
          </methods>
          <lines>
            <line number="28" hits="33" branch="False" />
            <line number="30" hits="33" branch="False" />
            <line number="31" hits="126" branch="True" condition-coverage="100% (4/4)">
              <conditions>
                <condition number="105" type="jump" coverage="100%" />
                <condition number="92" type="jump" coverage="100%" />
              </conditions>
            </line>
            <line number="33" hits="1" branch="False" />
            <line number="34" hits="1" branch="False" />
            <line number="36" hits="33" branch="False" />
            <line number="37" hits="33" branch="False" />
            <line number="40" hits="11516" branch="False" />
            <line number="13" hits="33" branch="False" />
            <line number="15" hits="33" branch="False" />
            <line number="18" hits="79" branch="False" />
            <line number="20" hits="79" branch="True" condition-coverage="100% (2/2)">
              <conditions>
                <condition number="43" type="jump" coverage="100%" />
              </conditions>
            </line>
            <line number="21" hits="33" branch="False" />
            <line number="22" hits="79" branch="False" />
            <line number="23" hits="79" branch="False" />
          </lines>
        </class>
        <class name="GenFu.CustomFiller`2" filename="Fillers\CustomFillers.cs" line-rate="1" branch-rate="0" complexity="0">
          <methods>
            <method name="GetValue" signature="(System.Object)" line-rate="1" branch-rate="0">
              <lines>
                <line number="62" hits="1000" branch="False" />
              </lines>
            </method>
            <method name=".ctor" signature="(System.String,System.Type,System.Func`2&lt;T1,T2&gt;)" line-rate="1" branch-rate="0">
              <lines>
                <line number="49" hits="1" branch="False" />
                <line number="51" hits="1" branch="False" />
              </lines>
            </method>
            <method name=".ctor" signature="(System.String,System.Type,System.Boolean,System.Func`2&lt;T1,T2&gt;)" line-rate="1" branch-rate="0">
              <lines>
                <line number="54" hits="1" branch="False" />
                <line number="56" hits="1" branch="False" />
                <line number="57" hits="1" branch="False" />
              </lines>
            </method>
          </methods>
          <lines>
            <line number="62" hits="1000" branch="False" />
            <line number="49" hits="1" branch="False" />
            <line number="51" hits="1" branch="False" />
            <line number="54" hits="1" branch="False" />
            <line number="56" hits="1" branch="False" />
            <line number="57" hits="1" branch="False" />
          </lines>
        </class>
        <class name="GenFu.DateTimeFiller" filename="Fillers\DateTimeFillers.cs" line-rate="1" branch-rate="0" complexity="0">
          <methods>
            <method name="get_Min" signature="()" line-rate="1" branch-rate="0">
              <lines>
                <line number="10" hits="17583" branch="False" />
              </lines>
            </method>
            <method name="get_Max" signature="()" line-rate="1" branch-rate="0">
              <lines>
                <line number="11" hits="10010" branch="False" />
              </lines>
            </method>
            <method name="GetValue" signature="(System.Object)" line-rate="1" branch-rate="0">
              <lines>
                <line number="22" hits="4820" branch="False" />
              </lines>
            </method>
            <method name="GetRandomDate" signature="()" line-rate="1" branch-rate="0">
              <lines>
                <line number="27" hits="6604" branch="False" />
                <line number="28" hits="6604" branch="False" />
                <line number="29" hits="6604" branch="False" />
                <line number="30" hits="6604" branch="False" />
              </lines>
            </method>
            <method name=".ctor" signature="()" line-rate="1" branch-rate="0">
              <lines>
                <line number="8" hits="1800" branch="False" />
                <line number="14" hits="1800" branch="False" />
                <line number="17" hits="1800" branch="False" />
              </lines>
            </method>
          </methods>
          <lines>
            <line number="10" hits="17583" branch="False" />
            <line number="11" hits="10010" branch="False" />
            <line number="22" hits="4820" branch="False" />
            <line number="27" hits="6604" branch="False" />
            <line number="28" hits="6604" branch="False" />
            <line number="29" hits="6604" branch="False" />
            <line number="30" hits="6604" branch="False" />
            <line number="8" hits="1800" branch="False" />
            <line number="14" hits="1800" branch="False" />
            <line number="17" hits="1800" branch="False" />
          </lines>
        </class>
        <class name="GenFu.DateTimeOffsetFiller" filename="Fillers\DateTimeFillers.cs" line-rate="1" branch-rate="0" complexity="0">
          <methods>
            <method name="GetValue" signature="(System.Object)" line-rate="1" branch-rate="0">
              <lines>
                <line number="47" hits="1784" branch="False" />
              </lines>
            </method>
            <method name=".ctor" signature="()" line-rate="1" branch-rate="0">
              <lines>
                <line number="36" hits="8" branch="False" />
                <line number="39" hits="8" branch="False" />
                <line number="42" hits="8" branch="False" />
              </lines>
            </method>
          </methods>
          <lines>
            <line number="47" hits="1784" branch="False" />
            <line number="36" hits="8" branch="False" />
            <line number="39" hits="8" branch="False" />
            <line number="42" hits="8" branch="False" />
          </lines>
        </class>
        <class name="GenFu.BirthDateFiller" filename="Fillers\DateTimeFillers.cs" line-rate="1" branch-rate="0" complexity="0">
          <methods>
            <method name="GetValue" signature="(System.Object)" line-rate="1" branch-rate="0">
              <lines>
                <line number="60" hits="1783" branch="False" />
              </lines>
            </method>
            <method name=".ctor" signature="()" line-rate="1" branch-rate="0">
              <lines>
                <line number="54" hits="8" branch="False" />
                <line number="56" hits="8" branch="False" />
              </lines>
            </method>
          </methods>
          <lines>
            <line number="60" hits="1783" branch="False" />
            <line number="54" hits="8" branch="False" />
            <line number="56" hits="8" branch="False" />
          </lines>
        </class>
        <class name="GenFu.DateTimeFillerExtensions" filename="Fillers\DateTimeFillers.cs" line-rate="0" branch-rate="0" complexity="0">
          <methods>
            <method name="AsPastDate" signature="(GenFu.GenFuDateTimeConfigurator`1&lt;T&gt;)" line-rate="0" branch-rate="0">
              <lines>
                <line number="75" hits="0" branch="True" condition-coverage="0% (0/2)">
                  <conditions>
                    <condition number="27" type="jump" coverage="0%" />
                  </conditions>
                </line>
                <line number="76" hits="0" branch="False" />
                <line number="77" hits="0" branch="False" />
                <line number="78" hits="0" branch="False" />
              </lines>
            </method>
            <method name="AsFutureDate" signature="(GenFu.GenFuDateTimeConfigurator`1&lt;T&gt;)" line-rate="0" branch-rate="0">
              <lines>
                <line number="90" hits="0" branch="True" condition-coverage="0% (0/2)">
                  <conditions>
                    <condition number="27" type="jump" coverage="0%" />
                  </conditions>
                </line>
                <line number="91" hits="0" branch="False" />
                <line number="92" hits="0" branch="False" />
                <line number="93" hits="0" branch="False" />
              </lines>
            </method>
          </methods>
          <lines>
            <line number="75" hits="0" branch="True" condition-coverage="0% (0/2)">
              <conditions>
                <condition number="27" type="jump" coverage="0%" />
              </conditions>
            </line>
            <line number="76" hits="0" branch="False" />
            <line number="77" hits="0" branch="False" />
            <line number="78" hits="0" branch="False" />
            <line number="90" hits="0" branch="True" condition-coverage="0% (0/2)">
              <conditions>
                <condition number="27" type="jump" coverage="0%" />
              </conditions>
            </line>
            <line number="91" hits="0" branch="False" />
            <line number="92" hits="0" branch="False" />
            <line number="93" hits="0" branch="False" />
          </lines>
        </class>
        <class name="GenFu.DateTimeNullableFiller" filename="Fillers\DateTimeNullableFillers.cs" line-rate="0.6" branch-rate="0" complexity="0">
          <methods>
            <method name="get_Min" signature="()" line-rate="1" branch-rate="0">
              <lines>
                <line number="9" hits="1542" branch="False" />
              </lines>
            </method>
            <method name="get_Max" signature="()" line-rate="1" branch-rate="0">
              <lines>
                <line number="10" hits="573" branch="False" />
              </lines>
            </method>
            <method name="get_SeedPercentage" signature="()" line-rate="1" branch-rate="0">
              <lines>
                <line number="11" hits="1842" branch="False" />
              </lines>
            </method>
            <method name="GetValue" signature="(System.Object)" line-rate="0" branch-rate="0">
              <lines>
                <line number="20" hits="0" branch="False" />
                <line number="21" hits="0" branch="False" />
                <line number="22" hits="0" branch="False" />
                <line number="23" hits="0" branch="False" />
              </lines>
            </method>
            <method name=".ctor" signature="()" line-rate="1" branch-rate="0">
              <lines>
                <line number="7" hits="8" branch="False" />
                <line number="14" hits="8" branch="False" />
                <line number="16" hits="8" branch="False" />
              </lines>
            </method>
          </methods>
          <lines>
            <line number="9" hits="1542" branch="False" />
            <line number="10" hits="573" branch="False" />
            <line number="11" hits="1842" branch="False" />
            <line number="20" hits="0" branch="False" />
            <line number="21" hits="0" branch="False" />
            <line number="22" hits="0" branch="False" />
            <line number="23" hits="0" branch="False" />
            <line number="7" hits="8" branch="False" />
            <line number="14" hits="8" branch="False" />
            <line number="16" hits="8" branch="False" />
          </lines>
        </class>
        <class name="GenFu.EnumFiller" filename="Fillers\EnumFiller.cs" line-rate="1" branch-rate="0" complexity="0">
          <methods>
            <method name="GetValue" signature="(System.Object)" line-rate="1" branch-rate="0">
              <lines>
                <line number="17" hits="3022" branch="False" />
                <line number="18" hits="3022" branch="False" />
              </lines>
            </method>
            <method name=".ctor" signature="(System.Type)" line-rate="1" branch-rate="0">
              <lines>
                <line number="10" hits="3022" branch="False" />
                <line number="12" hits="3022" branch="False" />
                <line number="13" hits="3022" branch="False" />
              </lines>
            </method>
          </methods>
          <lines>
            <line number="17" hits="3022" branch="False" />
            <line number="18" hits="3022" branch="False" />
            <line number="10" hits="3022" branch="False" />
            <line number="12" hits="3022" branch="False" />
            <line number="13" hits="3022" branch="False" />
          </lines>
        </class>
        <class name="GenFu.IntFiller" filename="Fillers\NumericFillers.cs" line-rate="1" branch-rate="0" complexity="0">
          <methods>
            <method name="get_Min" signature="()" line-rate="1" branch-rate="0">
              <lines>
                <line number="20" hits="9381" branch="False" />
              </lines>
            </method>
            <method name="get_Max" signature="()" line-rate="1" branch-rate="0">
              <lines>
                <line number="21" hits="9381" branch="False" />
              </lines>
            </method>
            <method name="GetValue" signature="(System.Object)" line-rate="1" branch-rate="0">
              <lines>
                <line number="25" hits="8830" branch="False" />
              </lines>
            </method>
            <method name=".ctor" signature="()" line-rate="1" branch-rate="0">
              <lines>
                <line number="8" hits="8" branch="False" />
                <line number="10" hits="8" branch="False" />
                <line number="11" hits="8" branch="False" />
                <line number="12" hits="8" branch="False" />
              </lines>
            </method>
            <method name=".ctor" signature="(System.Type,System.String,System.Int32,System.Int32)" line-rate="1" branch-rate="0">
              <lines>
                <line number="14" hits="501" branch="False" />
                <line number="16" hits="501" branch="False" />
                <line number="17" hits="501" branch="False" />
                <line number="18" hits="501" branch="False" />
              </lines>
            </method>
          </methods>
          <lines>
            <line number="20" hits="9381" branch="False" />
            <line number="21" hits="9381" branch="False" />
            <line number="25" hits="8830" branch="False" />
            <line number="8" hits="8" branch="False" />
            <line number="10" hits="8" branch="False" />
            <line number="11" hits="8" branch="False" />
            <line number="12" hits="8" branch="False" />
            <line number="14" hits="501" branch="False" />
            <line number="16" hits="501" branch="False" />
            <line number="17" hits="501" branch="False" />
            <line number="18" hits="501" branch="False" />
          </lines>
        </class>
        <class name="GenFu.NullableIntFiller" filename="Fillers\NumericFillers.cs" line-rate="0.636" branch-rate="0" complexity="0">
          <methods>
            <method name="get_Min" signature="()" line-rate="1" branch-rate="0">
              <lines>
                <line number="44" hits="1801" branch="False" />
              </lines>
            </method>
            <method name="get_Max" signature="()" line-rate="1" branch-rate="0">
              <lines>
                <line number="45" hits="1801" branch="False" />
              </lines>
            </method>
            <method name="GetValue" signature="(System.Object)" line-rate="1" branch-rate="0">
              <lines>
                <line number="49" hits="1793" branch="False" />
              </lines>
            </method>
            <method name=".ctor" signature="()" line-rate="1" branch-rate="0">
              <lines>
                <line number="32" hits="8" branch="False" />
                <line number="34" hits="8" branch="False" />
                <line number="35" hits="8" branch="False" />
                <line number="36" hits="8" branch="False" />
              </lines>
            </method>
            <method name=".ctor" signature="(System.Type,System.String,System.Int32,System.Int32)" line-rate="0" branch-rate="0">
              <lines>
                <line number="38" hits="0" branch="False" />
                <line number="40" hits="0" branch="False" />
                <line number="41" hits="0" branch="False" />
                <line number="42" hits="0" branch="False" />
              </lines>
            </method>
          </methods>
          <lines>
            <line number="44" hits="1801" branch="False" />
            <line number="45" hits="1801" branch="False" />
            <line number="49" hits="1793" branch="False" />
            <line number="32" hits="8" branch="False" />
            <line number="34" hits="8" branch="False" />
            <line number="35" hits="8" branch="False" />
            <line number="36" hits="8" branch="False" />
            <line number="38" hits="0" branch="False" />
            <line number="40" hits="0" branch="False" />
            <line number="41" hits="0" branch="False" />
            <line number="42" hits="0" branch="False" />
          </lines>
        </class>
        <class name="GenFu.NullableUIntFiller" filename="Fillers\NumericFillers.cs" line-rate="0.636" branch-rate="0" complexity="0">
          <methods>
            <method name="get_Min" signature="()" line-rate="1" branch-rate="0">
              <lines>
                <line number="68" hits="17" branch="False" />
              </lines>
            </method>
            <method name="get_Max" signature="()" line-rate="1" branch-rate="0">
              <lines>
                <line number="69" hits="17" branch="False" />
              </lines>
            </method>
            <method name="GetValue" signature="(System.Object)" line-rate="1" branch-rate="0">
              <lines>
                <line number="73" hits="9" branch="False" />
              </lines>
            </method>
            <method name=".ctor" signature="()" line-rate="1" branch-rate="0">
              <lines>
                <line number="56" hits="8" branch="False" />
                <line number="58" hits="8" branch="False" />
                <line number="59" hits="8" branch="False" />
                <line number="60" hits="8" branch="False" />
              </lines>
            </method>
            <method name=".ctor" signature="(System.Type,System.String,System.UInt32,System.UInt32)" line-rate="0" branch-rate="0">
              <lines>
                <line number="62" hits="0" branch="False" />
                <line number="64" hits="0" branch="False" />
                <line number="65" hits="0" branch="False" />
                <line number="66" hits="0" branch="False" />
              </lines>
            </method>
          </methods>
          <lines>
            <line number="68" hits="17" branch="False" />
            <line number="69" hits="17" branch="False" />
            <line number="73" hits="9" branch="False" />
            <line number="56" hits="8" branch="False" />
            <line number="58" hits="8" branch="False" />
            <line number="59" hits="8" branch="False" />
            <line number="60" hits="8" branch="False" />
            <line number="62" hits="0" branch="False" />
            <line number="64" hits="0" branch="False" />
            <line number="65" hits="0" branch="False" />
            <line number="66" hits="0" branch="False" />
          </lines>
        </class>
        <class name="GenFu.ShortFiller" filename="Fillers\NumericFillers.cs" line-rate="1" branch-rate="0" complexity="0">
          <methods>
            <method name="get_Min" signature="()" line-rate="1" branch-rate="0">
              <lines>
                <line number="94" hits="3334" branch="False" />
              </lines>
            </method>
            <method name="get_Max" signature="()" line-rate="1" branch-rate="0">
              <lines>
                <line number="95" hits="3334" branch="False" />
              </lines>
            </method>
            <method name="GetValue" signature="(System.Object)" line-rate="1" branch-rate="0">
              <lines>
                <line number="99" hits="2784" branch="False" />
              </lines>
            </method>
            <method name=".ctor" signature="()" line-rate="1" branch-rate="0">
              <lines>
                <line number="80" hits="8" branch="False" />
                <line number="82" hits="8" branch="False" />
                <line number="83" hits="8" branch="False" />
                <line number="84" hits="8" branch="False" />
              </lines>
            </method>
            <method name=".ctor" signature="(System.Type,System.String,System.Int16,System.Int16)" line-rate="1" branch-rate="0">
              <lines>
                <line number="87" hits="500" branch="False" />
                <line number="89" hits="500" branch="False" />
                <line number="90" hits="500" branch="False" />
                <line number="92" hits="500" branch="False" />
              </lines>
            </method>
          </methods>
          <lines>
            <line number="94" hits="3334" branch="False" />
            <line number="95" hits="3334" branch="False" />
            <line number="99" hits="2784" branch="False" />
            <line number="80" hits="8" branch="False" />
            <line number="82" hits="8" branch="False" />
            <line number="83" hits="8" branch="False" />
            <line number="84" hits="8" branch="False" />
            <line number="87" hits="500" branch="False" />
            <line number="89" hits="500" branch="False" />
            <line number="90" hits="500" branch="False" />
            <line number="92" hits="500" branch="False" />
          </lines>
        </class>
        <class name="GenFu.NullableShortFiller" filename="Fillers\NumericFillers.cs" line-rate="0.636" branch-rate="0" complexity="0">
          <methods>
            <method name="get_Min" signature="()" line-rate="1" branch-rate="0">
              <lines>
                <line number="120" hits="17" branch="False" />
              </lines>
            </method>
            <method name="get_Max" signature="()" line-rate="1" branch-rate="0">
              <lines>
                <line number="121" hits="17" branch="False" />
              </lines>
            </method>
            <method name="GetValue" signature="(System.Object)" line-rate="1" branch-rate="0">
              <lines>
                <line number="125" hits="9" branch="False" />
              </lines>
            </method>
            <method name=".ctor" signature="()" line-rate="1" branch-rate="0">
              <lines>
                <line number="106" hits="8" branch="False" />
                <line number="108" hits="8" branch="False" />
                <line number="109" hits="8" branch="False" />
                <line number="110" hits="8" branch="False" />
              </lines>
            </method>
            <method name=".ctor" signature="(System.Type,System.String,System.Int16,System.Int16)" line-rate="0" branch-rate="0">
              <lines>
                <line number="113" hits="0" branch="False" />
                <line number="115" hits="0" branch="False" />
                <line number="116" hits="0" branch="False" />
                <line number="118" hits="0" branch="False" />
              </lines>
            </method>
          </methods>
          <lines>
            <line number="120" hits="17" branch="False" />
            <line number="121" hits="17" branch="False" />
            <line number="125" hits="9" branch="False" />
            <line number="106" hits="8" branch="False" />
            <line number="108" hits="8" branch="False" />
            <line number="109" hits="8" branch="False" />
            <line number="110" hits="8" branch="False" />
            <line number="113" hits="0" branch="False" />
            <line number="115" hits="0" branch="False" />
            <line number="116" hits="0" branch="False" />
            <line number="118" hits="0" branch="False" />
          </lines>
        </class>
        <class name="GenFu.NullableUShortFiller" filename="Fillers\NumericFillers.cs" line-rate="0.545" branch-rate="0" complexity="0">
          <methods>
            <method name="get_Min" signature="()" line-rate="1" branch-rate="0">
              <lines>
                <line number="146" hits="8" branch="False" />
              </lines>
            </method>
            <method name="get_Max" signature="()" line-rate="1" branch-rate="0">
              <lines>
                <line number="147" hits="8" branch="False" />
              </lines>
            </method>
            <method name="GetValue" signature="(System.Object)" line-rate="0" branch-rate="0">
              <lines>
                <line number="151" hits="0" branch="False" />
              </lines>
            </method>
            <method name=".ctor" signature="()" line-rate="1" branch-rate="0">
              <lines>
                <line number="132" hits="8" branch="False" />
                <line number="134" hits="8" branch="False" />
                <line number="135" hits="8" branch="False" />
                <line number="136" hits="8" branch="False" />
              </lines>
            </method>
            <method name=".ctor" signature="(System.Type,System.String,System.UInt16,System.UInt16)" line-rate="0" branch-rate="0">
              <lines>
                <line number="139" hits="0" branch="False" />
                <line number="141" hits="0" branch="False" />
                <line number="142" hits="0" branch="False" />
                <line number="144" hits="0" branch="False" />
              </lines>
            </method>
          </methods>
          <lines>
            <line number="146" hits="8" branch="False" />
            <line number="147" hits="8" branch="False" />
            <line number="151" hits="0" branch="False" />
            <line number="132" hits="8" branch="False" />
            <line number="134" hits="8" branch="False" />
            <line number="135" hits="8" branch="False" />
            <line number="136" hits="8" branch="False" />
            <line number="139" hits="0" branch="False" />
            <line number="141" hits="0" branch="False" />
            <line number="142" hits="0" branch="False" />
            <line number="144" hits="0" branch="False" />
          </lines>
        </class>
        <class name="GenFu.LongFiller" filename="Fillers\NumericFillers.cs" line-rate="0.636" branch-rate="0" complexity="0">
          <methods>
            <method name="get_Min" signature="()" line-rate="1" branch-rate="0">
              <lines>
                <line number="170" hits="1792" branch="False" />
              </lines>
            </method>
            <method name="get_Max" signature="()" line-rate="1" branch-rate="0">
              <lines>
                <line number="171" hits="1792" branch="False" />
              </lines>
            </method>
            <method name="GetValue" signature="(System.Object)" line-rate="1" branch-rate="0">
              <lines>
                <line number="175" hits="1784" branch="False" />
              </lines>
            </method>
            <method name=".ctor" signature="()" line-rate="1" branch-rate="0">
              <lines>
                <line number="158" hits="8" branch="False" />
                <line number="160" hits="8" branch="False" />
                <line number="161" hits="8" branch="False" />
                <line number="162" hits="8" branch="False" />
              </lines>
            </method>
            <method name=".ctor" signature="(System.Type,System.String,System.Int32,System.Int32)" line-rate="0" branch-rate="0">
              <lines>
                <line number="164" hits="0" branch="False" />
                <line number="166" hits="0" branch="False" />
                <line number="167" hits="0" branch="False" />
                <line number="168" hits="0" branch="False" />
              </lines>
            </method>
          </methods>
          <lines>
            <line number="170" hits="1792" branch="False" />
            <line number="171" hits="1792" branch="False" />
            <line number="175" hits="1784" branch="False" />
            <line number="158" hits="8" branch="False" />
            <line number="160" hits="8" branch="False" />
            <line number="161" hits="8" branch="False" />
            <line number="162" hits="8" branch="False" />
            <line number="164" hits="0" branch="False" />
            <line number="166" hits="0" branch="False" />
            <line number="167" hits="0" branch="False" />
            <line number="168" hits="0" branch="False" />
          </lines>
        </class>
        <class name="GenFu.NullableLongFiller" filename="Fillers\NumericFillers.cs" line-rate="0.636" branch-rate="0" complexity="0">
          <methods>
            <method name="get_Min" signature="()" line-rate="1" branch-rate="0">
              <lines>
                <line number="194" hits="17" branch="False" />
              </lines>
            </method>
            <method name="get_Max" signature="()" line-rate="1" branch-rate="0">
              <lines>
                <line number="195" hits="17" branch="False" />
              </lines>
            </method>
            <method name="GetValue" signature="(System.Object)" line-rate="1" branch-rate="0">
              <lines>
                <line number="199" hits="9" branch="False" />
              </lines>
            </method>
            <method name=".ctor" signature="()" line-rate="1" branch-rate="0">
              <lines>
                <line number="182" hits="8" branch="False" />
                <line number="184" hits="8" branch="False" />
                <line number="185" hits="8" branch="False" />
                <line number="186" hits="8" branch="False" />
              </lines>
            </method>
            <method name=".ctor" signature="(System.Type,System.String,System.Int32,System.Int32)" line-rate="0" branch-rate="0">
              <lines>
                <line number="188" hits="0" branch="False" />
                <line number="190" hits="0" branch="False" />
                <line number="191" hits="0" branch="False" />
                <line number="192" hits="0" branch="False" />
              </lines>
            </method>
          </methods>
          <lines>
            <line number="194" hits="17" branch="False" />
            <line number="195" hits="17" branch="False" />
            <line number="199" hits="9" branch="False" />
            <line number="182" hits="8" branch="False" />
            <line number="184" hits="8" branch="False" />
            <line number="185" hits="8" branch="False" />
            <line number="186" hits="8" branch="False" />
            <line number="188" hits="0" branch="False" />
            <line number="190" hits="0" branch="False" />
            <line number="191" hits="0" branch="False" />
            <line number="192" hits="0" branch="False" />
          </lines>
        </class>
        <class name="GenFu.NullableULongFiller" filename="Fillers\NumericFillers.cs" line-rate="0.636" branch-rate="0" complexity="0">
          <methods>
            <method name="get_Min" signature="()" line-rate="1" branch-rate="0">
              <lines>
                <line number="218" hits="17" branch="False" />
              </lines>
            </method>
            <method name="get_Max" signature="()" line-rate="1" branch-rate="0">
              <lines>
[...]
                <line number="21" hits="4" branch="False" />
                <line number="22" hits="4" branch="False" />
                <line number="23" hits="4" branch="False" />
                <line number="24" hits="4" branch="False" />
                <line number="25" hits="4" branch="False" />
                <line number="26" hits="4" branch="False" />
                <line number="27" hits="4" branch="False" />
                <line number="28" hits="4" branch="False" />
                <line number="29" hits="4" branch="False" />
              </lines>
            </method>
            <method name="RandomDigit" signature="()" line-rate="1" branch-rate="0">
              <lines>
                <line number="35" hits="32" branch="False" />
              </lines>
            </method>
            <method name="GetFinalDigit" signature="(System.String)" line-rate="1" branch-rate="1">
              <lines>
                <line number="40" hits="4" branch="False" />
                <line number="41" hits="88" branch="True" condition-coverage="100% (2/2)">
                  <conditions>
                    <condition number="48" type="jump" coverage="100%" />
                  </conditions>
                </line>
                <line number="43" hits="40" branch="True" condition-coverage="100% (2/2)">
                  <conditions>
                    <condition number="23" type="jump" coverage="100%" />
                  </conditions>
                </line>
                <line number="44" hits="32" branch="False" />
                <line number="47" hits="4" branch="True" condition-coverage="100% (2/2)">
                  <conditions>
                    <condition number="54" type="jump" coverage="100%" />
                  </conditions>
                </line>
                <line number="48" hits="1" branch="False" />
                <line number="50" hits="3" branch="False" />
              </lines>
            </method>
            <method name=".ctor" signature="()" line-rate="1" branch-rate="0">
              <lines>
                <line number="12" hits="10" branch="False" />
                <line number="13" hits="10" branch="False" />
              </lines>
            </method>
            <method name=".cctor" signature="()" line-rate="1" branch-rate="0">
              <lines>
                <line number="32" hits="1" branch="False" />
              </lines>
            </method>
          </methods>
          <lines>
            <line number="17" hits="4" branch="False" />
            <line number="18" hits="4" branch="False" />
            <line number="19" hits="4" branch="False" />
            <line number="20" hits="4" branch="False" />
            <line number="21" hits="4" branch="False" />
            <line number="22" hits="4" branch="False" />
            <line number="23" hits="4" branch="False" />
            <line number="24" hits="4" branch="False" />
            <line number="25" hits="4" branch="False" />
            <line number="26" hits="4" branch="False" />
            <line number="27" hits="4" branch="False" />
            <line number="28" hits="4" branch="False" />
            <line number="29" hits="4" branch="False" />
            <line number="35" hits="32" branch="False" />
            <line number="40" hits="4" branch="False" />
            <line number="41" hits="88" branch="True" condition-coverage="100% (2/2)">
              <conditions>
                <condition number="48" type="jump" coverage="100%" />
              </conditions>
            </line>
            <line number="43" hits="40" branch="True" condition-coverage="100% (2/2)">
              <conditions>
                <condition number="23" type="jump" coverage="100%" />
              </conditions>
            </line>
            <line number="44" hits="32" branch="False" />
            <line number="47" hits="4" branch="True" condition-coverage="100% (2/2)">
              <conditions>
                <condition number="54" type="jump" coverage="100%" />
              </conditions>
            </line>
            <line number="48" hits="1" branch="False" />
            <line number="50" hits="3" branch="False" />
            <line number="12" hits="10" branch="False" />
            <line number="13" hits="10" branch="False" />
            <line number="32" hits="1" branch="False" />
          </lines>
        </class>
        <class name="GenFu.Fillers.CharFiller" filename="Fillers\CharFiller.cs" line-rate="0.4" branch-rate="0" complexity="0">
          <methods>
            <method name="GetValue" signature="(System.Object)" line-rate="0" branch-rate="0">
              <lines>
                <line number="22" hits="0" branch="False" />
              </lines>
            </method>
            <method name=".ctor" signature="()" line-rate="1" branch-rate="0">
              <lines>
                <line number="10" hits="8" branch="False" />
                <line number="13" hits="8" branch="False" />
              </lines>
            </method>
            <method name=".ctor" signature="(System.Type,System.String)" line-rate="0" branch-rate="0">
              <lines>
                <line number="15" hits="0" branch="False" />
                <line number="18" hits="0" branch="False" />
              </lines>
            </method>
          </methods>
          <lines>
            <line number="22" hits="0" branch="False" />
            <line number="10" hits="8" branch="False" />
            <line number="13" hits="8" branch="False" />
            <line number="15" hits="0" branch="False" />
            <line number="18" hits="0" branch="False" />
          </lines>
        </class>
        <class name="GenFu.Fillers.NullableCharFiller" filename="Fillers\CharFiller.cs" line-rate="0.6" branch-rate="0" complexity="0">
          <methods>
            <method name="GetValue" signature="(System.Object)" line-rate="1" branch-rate="0">
              <lines>
                <line number="41" hits="9" branch="False" />
              </lines>
            </method>
            <method name=".ctor" signature="()" line-rate="1" branch-rate="0">
              <lines>
                <line number="29" hits="8" branch="False" />
                <line number="32" hits="8" branch="False" />
              </lines>
            </method>
            <method name=".ctor" signature="(System.Type,System.String)" line-rate="0" branch-rate="0">
              <lines>
                <line number="34" hits="0" branch="False" />
                <line number="37" hits="0" branch="False" />
              </lines>
            </method>
          </methods>
          <lines>
            <line number="41" hits="9" branch="False" />
            <line number="29" hits="8" branch="False" />
            <line number="32" hits="8" branch="False" />
            <line number="34" hits="0" branch="False" />
            <line number="37" hits="0" branch="False" />
          </lines>
        </class>
        <class name="GenFu.Fillers.CompanyNameFiller" filename="Fillers\CompanyNameFiller.cs" line-rate="0.667" branch-rate="0" complexity="0">
          <methods>
            <method name="GetValue" signature="(System.Object)" line-rate="0" branch-rate="0">
              <lines>
                <line number="15" hits="0" branch="False" />
              </lines>
            </method>
            <method name=".ctor" signature="()" line-rate="1" branch-rate="0">
              <lines>
                <line number="10" hits="8" branch="False" />
                <line number="11" hits="8" branch="False" />
              </lines>
            </method>
          </methods>
          <lines>
            <line number="15" hits="0" branch="False" />
            <line number="10" hits="8" branch="False" />
            <line number="11" hits="8" branch="False" />
          </lines>
        </class>
        <class name="GenFu.Fillers.CookingFiller/IngredientFiller" filename="Fillers\CookingFiller.cs" line-rate="0.667" branch-rate="0" complexity="0">
          <methods>
            <method name="GetValue" signature="(System.Object)" line-rate="0" branch-rate="0">
              <lines>
                <line number="19" hits="0" branch="False" />
              </lines>
            </method>
            <method name=".ctor" signature="()" line-rate="1" branch-rate="0">
              <lines>
                <line number="13" hits="8" branch="False" />
                <line number="15" hits="8" branch="False" />
              </lines>
            </method>
          </methods>
          <lines>
            <line number="19" hits="0" branch="False" />
            <line number="13" hits="8" branch="False" />
            <line number="15" hits="8" branch="False" />
          </lines>
        </class>
        <class name="GenFu.Fillers.DateTimeAdapterFiller`1" filename="Fillers\DateTimeAdapterFiller.cs" line-rate="0.833" branch-rate="0.5" complexity="0">
          <methods>
            <method name="GetValue" signature="(System.Object)" line-rate="0.75" branch-rate="0.5">
              <lines>
                <line number="13" hits="1793" branch="True" condition-coverage="50% (2/4)">
                  <conditions>
                    <condition number="20" type="jump" coverage="50%" />
                    <condition number="47" type="jump" coverage="50%" />
                  </conditions>
                </line>
                <line number="15" hits="1793" branch="False" />
                <line number="21" hits="1793" branch="False" />
                <line number="25" hits="0" branch="False" />
              </lines>
            </method>
            <method name=".ctor" signature="()" line-rate="1" branch-rate="0">
              <lines>
                <line number="8" hits="8" branch="False" />
                <line number="9" hits="8" branch="False" />
              </lines>
            </method>
          </methods>
          <lines>
            <line number="13" hits="1793" branch="True" condition-coverage="50% (2/4)">
              <conditions>
                <condition number="20" type="jump" coverage="50%" />
                <condition number="47" type="jump" coverage="50%" />
              </conditions>
            </line>
            <line number="15" hits="1793" branch="False" />
            <line number="21" hits="1793" branch="False" />
            <line number="25" hits="0" branch="False" />
            <line number="8" hits="8" branch="False" />
            <line number="9" hits="8" branch="False" />
          </lines>
        </class>
        <class name="GenFu.Fillers.DrugFiller" filename="Fillers\DrugFiller.cs" line-rate="0.667" branch-rate="0" complexity="0">
          <methods>
            <method name="GetValue" signature="(System.Object)" line-rate="0" branch-rate="0">
              <lines>
                <line number="16" hits="0" branch="False" />
              </lines>
            </method>
            <method name=".ctor" signature="()" line-rate="1" branch-rate="0">
              <lines>
                <line number="10" hits="8" branch="False" />
                <line number="12" hits="8" branch="False" />
              </lines>
            </method>
          </methods>
          <lines>
            <line number="16" hits="0" branch="False" />
            <line number="10" hits="8" branch="False" />
            <line number="12" hits="8" branch="False" />
          </lines>
        </class>
        <class name="GenFu.Fillers.GuidFiller" filename="Fillers\GuidFiller.cs" line-rate="1" branch-rate="0" complexity="0">
          <methods>
            <method name="GetValue" signature="(System.Object)" line-rate="1" branch-rate="0">
              <lines>
                <line number="13" hits="1" branch="False" />
              </lines>
            </method>
            <method name=".ctor" signature="()" line-rate="1" branch-rate="0">
              <lines>
                <line number="8" hits="8" branch="False" />
                <line number="9" hits="8" branch="False" />
              </lines>
            </method>
          </methods>
          <lines>
            <line number="13" hits="1" branch="False" />
            <line number="8" hits="8" branch="False" />
            <line number="9" hits="8" branch="False" />
          </lines>
        </class>
        <class name="GenFu.Fillers.InjuryFiller" filename="Fillers\InjuryFiller.cs" line-rate="0" branch-rate="0" complexity="0">
          <methods>
            <method name="GetValue" signature="(System.Object)" line-rate="0" branch-rate="0">
              <lines>
                <line number="16" hits="0" branch="False" />
              </lines>
            </method>
            <method name=".ctor" signature="()" line-rate="0" branch-rate="0">
              <lines>
                <line number="10" hits="0" branch="False" />
                <line number="12" hits="0" branch="False" />
              </lines>
            </method>
          </methods>
          <lines>
            <line number="16" hits="0" branch="False" />
            <line number="10" hits="0" branch="False" />
            <line number="12" hits="0" branch="False" />
          </lines>
        </class>
        <class name="GenFu.Fillers.MedicalProcedureFiller" filename="Fillers\MedicalProcedureFiller.cs" line-rate="0.667" branch-rate="0" complexity="0">
          <methods>
            <method name="GetValue" signature="(System.Object)" line-rate="0" branch-rate="0">
              <lines>
                <line number="16" hits="0" branch="False" />
              </lines>
            </method>
            <method name=".ctor" signature="()" line-rate="1" branch-rate="0">
              <lines>
                <line number="10" hits="8" branch="False" />
                <line number="12" hits="8" branch="False" />
              </lines>
            </method>
          </methods>
          <lines>
            <line number="16" hits="0" branch="False" />
            <line number="10" hits="8" branch="False" />
            <line number="12" hits="8" branch="False" />
          </lines>
        </class>
        <class name="GenFu.Fillers.PersonFiller/SexFiller" filename="Fillers\PersonFiller.cs" line-rate="0" branch-rate="0" complexity="0">
          <methods>
            <method name="GetValue" signature="(System.Object)" line-rate="0" branch-rate="0">
              <lines>
                <line number="20" hits="0" branch="True" condition-coverage="0% (0/2)">
                  <conditions>
                    <condition number="19" type="jump" coverage="0%" />
                  </conditions>
                </line>
              </lines>
            </method>
            <method name=".ctor" signature="()" line-rate="0" branch-rate="0">
              <lines>
                <line number="13" hits="0" branch="False" />
                <line number="15" hits="0" branch="False" />
              </lines>
            </method>
            <method name=".cctor" signature="()" line-rate="0" branch-rate="0">
              <lines>
                <line number="17" hits="0" branch="False" />
              </lines>
            </method>
          </methods>
          <lines>
            <line number="20" hits="0" branch="True" condition-coverage="0% (0/2)">
              <conditions>
                <condition number="19" type="jump" coverage="0%" />
              </conditions>
            </line>
            <line number="13" hits="0" branch="False" />
            <line number="15" hits="0" branch="False" />
            <line number="17" hits="0" branch="False" />
          </lines>
        </class>
        <class name="GenFu.Fillers.PersonFiller/GenderFiller" filename="Fillers\PersonFiller.cs" line-rate="0" branch-rate="0" complexity="0">
          <methods>
            <method name="GetValue" signature="(System.Object)" line-rate="0" branch-rate="0">
              <lines>
                <line number="33" hits="0" branch="False" />
              </lines>
            </method>
            <method name=".ctor" signature="()" line-rate="0" branch-rate="0">
              <lines>
                <line number="27" hits="0" branch="False" />
                <line number="29" hits="0" branch="False" />
              </lines>
            </method>
          </methods>
          <lines>
            <line number="33" hits="0" branch="False" />
            <line number="27" hits="0" branch="False" />
            <line number="29" hits="0" branch="False" />
          </lines>
        </class>
        <class name="GenFu.Fillers.USASocialSecurityNumberFiller" filename="Fillers\USASocialSecurityNumberFiller.cs" line-rate="0.118" branch-rate="0" complexity="0">
          <methods>
            <method name="GetValue" signature="(System.Object)" line-rate="0" branch-rate="0">
              <lines>
                <line number="17" hits="0" branch="False" />
                <line number="18" hits="0" branch="False" />
                <line number="19" hits="0" branch="False" />
                <line number="20" hits="0" branch="False" />
                <line number="21" hits="0" branch="False" />
                <line number="22" hits="0" branch="False" />
                <line number="23" hits="0" branch="False" />
                <line number="24" hits="0" branch="False" />
                <line number="25" hits="0" branch="False" />
                <line number="26" hits="0" branch="False" />
                <line number="27" hits="0" branch="False" />
                <line number="28" hits="0" branch="False" />
                <line number="29" hits="0" branch="False" />
              </lines>
            </method>
            <method name="RandomDigit" signature="()" line-rate="0" branch-rate="0">
              <lines>
                <line number="36" hits="0" branch="False" />
              </lines>
            </method>
            <method name=".ctor" signature="()" line-rate="1" branch-rate="0">
              <lines>
                <line number="12" hits="8" branch="False" />
                <line number="13" hits="8" branch="False" />
              </lines>
            </method>
            <method name=".cctor" signature="()" line-rate="0" branch-rate="0">
              <lines>
                <line number="33" hits="0" branch="False" />
              </lines>
            </method>
          </methods>
          <lines>
            <line number="17" hits="0" branch="False" />
            <line number="18" hits="0" branch="False" />
            <line number="19" hits="0" branch="False" />
            <line number="20" hits="0" branch="False" />
            <line number="21" hits="0" branch="False" />
            <line number="22" hits="0" branch="False" />
            <line number="23" hits="0" branch="False" />
            <line number="24" hits="0" branch="False" />
            <line number="25" hits="0" branch="False" />
            <line number="26" hits="0" branch="False" />
            <line number="27" hits="0" branch="False" />
            <line number="28" hits="0" branch="False" />
            <line number="29" hits="0" branch="False" />
            <line number="36" hits="0" branch="False" />
            <line number="12" hits="8" branch="False" />
            <line number="13" hits="8" branch="False" />
            <line number="33" hits="0" branch="False" />
          </lines>
        </class>
      </classes>
    </package>
  </packages>
</coverage>